<?xml version="1.0" encoding="UTF-8"?>
<testng-results skipped="0" failed="0" ignored="0" total="2" passed="2">
  <reporter-output>
  </reporter-output>
  <suite name="Default suite" duration-ms="6659" started-at="2020-09-05T11:35:37Z" finished-at="2020-09-05T11:35:43Z">
    <groups>
    </groups>
    <test name="Default test" duration-ms="6659" started-at="2020-09-05T11:35:37Z" finished-at="2020-09-05T11:35:43Z">
      <class name="com.fullstack.batch3.APITest">
        <test-method status="PASS" signature="testLoginAPI()[pri:1, instance:com.fullstack.batch3.APITest@7f1302d6]" name="testLoginAPI" duration-ms="3600" started-at="2020-09-05T11:35:37Z" finished-at="2020-09-05T11:35:40Z">
          <reporter-output>
          </reporter-output>
        </test-method> <!-- testLoginAPI -->
        <test-method status="PASS" signature="testDashboardAPI()[pri:2, instance:com.fullstack.batch3.APITest@7f1302d6]" name="testDashboardAPI" duration-ms="3039" started-at="2020-09-05T11:35:40Z" finished-at="2020-09-05T11:35:43Z">
          <reporter-output>
          </reporter-output>
        </test-method> <!-- testDashboardAPI -->
      </class> <!-- com.fullstack.batch3.APITest -->
    </test> <!-- Default test -->
  </suite> <!-- Default suite -->
</testng-results>
